<?xml version="1.0" encoding="UTF-8"?>
<coverage generated="1680564878602" clover="3.2.0">
  <project timestamp="1680564878602" name="All files">
    <metrics statements="2" coveredstatements="2" conditionals="0" coveredconditionals="0" methods="0" coveredmethods="0" elements="2" coveredelements="2" complexity="0" loc="2" ncloc="2" packages="1" files="2" classes="2"/>
    <file name="at.ts" path="/home/lromeraj/ucm/miot/tfm/iridium-sbd-emulator/src/at.ts">
      <metrics statements="1" coveredstatements="1" conditionals="0" coveredconditionals="0" methods="0" coveredmethods="0"/>
      <line num="1" count="1" type="stmt"/>
    </file>
    <file name="logger.ts" path="/home/lromeraj/ucm/miot/tfm/iridium-sbd-emulator/src/logger.ts">
      <metrics statements="1" coveredstatements="1" conditionals="0" coveredconditionals="0" methods="0" coveredmethods="0"/>
      <line num="1" count="1" type="stmt"/>
    </file>
  </project>
</coverage>
