{"/home/lromeraj/ucm/miot/tfm/iridium-sbd-emulator/src/at.ts": {"path":"/home/lromeraj/ucm/miot/tfm/iridium-sbd-emulator/src/at.ts","all":false,"statementMap":{"0":{"start":{"line":1,"column":0},"end":{"line":1,"column":0}}},"s":{"0":1},"branchMap":{},"b":{},"fnMap":{},"f":{}}
,"/home/lromeraj/ucm/miot/tfm/iridium-sbd-emulator/src/logger.ts": {"path":"/home/lromeraj/ucm/miot/tfm/iridium-sbd-emulator/src/logger.ts","all":false,"statementMap":{"0":{"start":{"line":1,"column":0},"end":{"line":1,"column":0}}},"s":{"0":1},"branchMap":{},"b":{},"fnMap":{},"f":{}}
}
